<?xml version="1.0"?>
<component name="org.nuxeo.ecm.core.storage.sql.tests.repo.core-types">

  <extension target="org.nuxeo.ecm.core.schema.TypeService" point="schema">
    <schema name="kComplexList" src="schemas/kComplexList.xsd" prefix="kcl" />
  </extension>

  <extension target="org.nuxeo.ecm.core.schema.TypeService" point="doctype">
    
    <doctype name="MyDocType" extends="Document">
      <schema name="kComplexList" />

    </doctype>
    
  </extension>

</component>
